QC Ale 50000 1058884 208268 11124
QC Ale 100000 2264272 439054 47727
QC Ale 150000 3495496 679794 36275
QC Ale 200000 4765539 926320 49501
QC Ale 250000 6170820 1173713 68167
QC Ale 300000 7443548 1427609 113223
QC Ale 350000 8760440 1684891 112348
QC Ale 400000 10238884 1940129 150155
QC Ale 450000 11506687 2202850 159160
QC Ale 500000 12931712 2466530 205783
QC OrdC 50000 750015 32767 3509
QC OrdC 100000 1600016 65535 7371
QC OrdC 150000 2456803 84464 10894
QC OrdC 200000 3400017 131071 27441
QC OrdC 250000 4250017 131071 18558
QC OrdC 300000 5213588 168928 23041
QC OrdC 350000 6213588 218928 51801
QC OrdC 400000 7200018 262143 32443
QC OrdC 450000 8100018 262143 59535
QC OrdC 500000 9000018 262143 38979
QC OrdD 50000 750028 57766 11673
QC OrdD 100000 1600030 115534 7750
QC OrdD 150000 2456820 159464 11455
QC OrdD 200000 3400032 231070 16167
QC OrdD 250000 4250032 256070 19425
QC OrdD 300000 5213606 318928 23959
QC OrdD 350000 6213606 393928 28961
QC OrdD 400000 7200034 462142 33813
QC OrdD 450000 8100034 487142 36985
QC OrdD 500000 9000034 512142 40713
QM3 Ale 50000 994740 213620 17595
QM3 Ale 100000 2098497 451310 24379
QM3 Ale 150000 3259612 697576 49760
QM3 Ale 200000 4482356 948194 51219
QM3 Ale 250000 5666558 1205783 64835
QM3 Ale 300000 6973105 1462783 104890
QM3 Ale 350000 8184182 1726671 92973
QM3 Ale 400000 9424603 1993031 107250
QM3 Ale 450000 10748545 2256358 121485
QM3 Ale 500000 12034901 2526108 210068
QM3 OrdC 50000 750015 32767 9768
QM3 OrdC 100000 1600016 65535 13911
QM3 OrdC 150000 2456803 84464 23668
QM3 OrdC 200000 3400017 131071 16564
QM3 OrdC 250000 4250017 131071 19587
QM3 OrdC 300000 5213588 168928 24571
QM3 OrdC 350000 6213588 218928 29452
QM3 OrdC 400000 7200018 262143 34539
QM3 OrdC 450000 8100018 262143 55908
QM3 OrdC 500000 9000018 262143 65338
QM3 OrdD 50000 750028 57766 9931
QM3 OrdD 100000 1600030 115534 8271
QM3 OrdD 150000 2456820 159464 12230
QM3 OrdD 200000 3400032 231070 17223
QM3 OrdD 250000 4250032 256070 20539
QM3 OrdD 300000 5213606 318928 25400
QM3 OrdD 350000 6213606 393928 33454
QM3 OrdD 400000 7200034 462142 35944
QM3 OrdD 450000 8100034 487142 39251
QM3 OrdD 500000 9000034 512142 43006
QPE Ale 50000 1212152 210340 11736
QPE Ale 100000 2576453 444131 48603
QPE Ale 150000 4020202 686048 38289
QPE Ale 200000 5519012 933154 51722
QPE Ale 250000 7047830 1186190 66711
QPE Ale 300000 8521237 1441777 79772
QPE Ale 350000 10161614 1697008 139342
QPE Ale 400000 11758527 1956619 153180
QPE Ale 450000 13107618 2228501 145332
QPE Ale 500000 14818197 2486907 204289
QPE OrdC 50000 1250074998 49999 6319013
QPE OrdC 100000 5000149998 99999 23289690
QPE OrdC 150000 11250224998 149999 41245284
QPE OrdC 200000 20000299998 199999 73652630
QPE OrdC 250000 31250374998 249999 115176223
QPE OrdC 300000 45000449998 299999 165995762
QPE OrdC 350000 61250524998 349999 224953607
QPE OrdC 400000 80000599998 399999 295663167
QPE OrdC 450000 101250674998 449999 374494778
QPE OrdC 500000 125000749998 499999 462587339
QPE OrdD 50000 1250099996 49999 4595618
QPE OrdD 100000 5000199996 99999 18381496
QPE OrdD 150000 11250299996 149999 41450846
QPE OrdD 200000 20000399996 199999 73782311
QPE OrdD 250000 31250499996 249999 115293491
QPE OrdD 300000 45000599996 299999 165872498
QPE OrdD 350000 61250699996 349999 225915762
QPE OrdD 400000 80000799996 399999 294645292
QPE OrdD 450000 101250899996 449999 373213661
QPE OrdD 500000 125000999996 499999 460577333
QI1 Ale 50000 6790360 6439741 49624
QI1 Ale 100000 25703689 25006678 188608
QI1 Ale 150000 56166658 55086129 404134
QI1 Ale 200000 100927942 99505928 700352
QI1 Ale 250000 155578295 153798254 1118183
QI1 Ale 300000 230080189 227941489 1568334
QI1 Ale 350000 309699589 307204343 2267498
QI1 Ale 400000 402478987 399641416 2862923
QI1 Ale 450000 506619632 503392422 3457881
QI1 Ale 500000 624959666 621334928 4259262
QI1 OrdC 50000 10041164 9691284 69991
QI1 OrdC 100000 39613427 38913547 276459
QI1 OrdC 150000 88716937 87667057 623571
QI1 OrdC 200000 157351712 155951832 1100589
QI1 OrdC 250000 245517719 243767839 1719959
QI1 OrdC 300000 353214989 351115109 2480615
QI1 OrdC 350000 480443508 477993628 3367680
QI1 OrdC 400000 627203259 624403379 4397786
QI1 OrdC 450000 793494289 790344409 5573863
QI1 OrdC 500000 979316552 975816672 6874523
QI1 OrdD 50000 10041558 9716672 70600
QI1 OrdD 100000 39614212 38964326 277600
QI1 OrdD 150000 88718112 87743226 626420
QI1 OrdD 200000 157353278 156053392 1106055
QI1 OrdD 250000 245519676 243894790 1721351
QI1 OrdD 300000 353217336 351267450 2474494
QI1 OrdD 350000 480446246 478171360 3375226
QI1 OrdD 400000 627206388 624606502 4416920
QI1 OrdD 450000 793497808 790572922 5577304
QI1 OrdD 500000 979320462 976070576 6905243
QI5 Ale 50000 31010506 30776542 197350
QI5 Ale 100000 125496899 125028056 907842
QI5 Ale 150000 286790939 286118814 1959538
QI5 Ale 200000 509577104 508640261 3428241
QI5 Ale 250000 774058144 772810881 5217746
QI5 Ale 300000 1143222951 1141812029 8957351
QI5 Ale 350000 1531734961 1530104051 9377933
QI5 Ale 400000 1971345806 1969469075 16265725
QI5 Ale 450000 2605763863 2603641314 19968742
QI5 Ale 500000 3120692348 3118453013 19694267
QI5 OrdC 50000 39239102 38989128 274493
QI5 OrdC 100000 156603161 156103187 1097413
QI5 OrdC 150000 352092227 351342253 2478438
QI5 OrdC 200000 625706286 624706312 4411052
QI5 OrdC 250000 977445352 976195378 6900110
QI5 OrdC 300000 1407309411 1405809437 9938633
QI5 OrdC 350000 1915298477 1913548503 13531887
QI5 OrdC 400000 2501412536 2499412562 17674626
QI5 OrdC 450000 3165651602 3163401628 22386215
QI5 OrdC 500000 3908015661 3905515687 27637204
QI5 OrdD 50000 39240666 39015688 274848
QI5 OrdD 100000 156606288 156156310 1099645
QI5 OrdD 150000 352096916 351421938 2474125
QI5 OrdD 200000 625712538 624812560 4410640
QI5 OrdD 250000 977453166 976328188 6901909
QI5 OrdD 300000 1407318788 1405968810 9959305
QI5 OrdD 350000 1915309416 1913734438 13538131
QI5 OrdD 400000 2501425038 2499625060 17676446
QI5 OrdD 450000 3165665666 3163640688 22394612
QI5 OrdD 500000 3908031288 3905781310 27654127
QI10 Ale 50000 62245895 62061470 416946
QI10 Ale 100000 241288510 240893079 1700969
QI10 Ale 150000 595864137 595318298 3513211
QI10 Ale 200000 995494477 994779570 7919686
QI10 Ale 250000 1547743792 1546845158 13269068
QI10 Ale 300000 2100703004 2099589928 16723502
QI10 Ale 350000 3265346958 3264142422 21466563
QI10 Ale 400000 4059375497 4057920008 27942151
QI10 Ale 450000 5237617252 5235998072 39416629
QI10 Ale 500000 6241106692 6239280239 44242588
QI10 OrdC 50000 78253144 78053155 547663
QI10 OrdC 100000 312756269 312356280 2210634
QI10 OrdC 150000 703509394 702909405 4976437
QI10 OrdC 200000 1250512519 1249712530 8840306
QI10 OrdC 250000 1953765644 1952765655 13816561
QI10 OrdC 300000 2813268769 2812068780 19881596
QI10 OrdC 350000 3829021894 3827621905 27098376
QI10 OrdC 400000 5001025019 4999425030 35419434
QI10 OrdC 450000 6329278144 6327478155 44743357
QI10 OrdC 500000 7813781269 7811781280 55246088
QI10 OrdD 50000 78256270 78081278 549238
QI10 OrdD 100000 312762520 312412528 2202202
QI10 OrdD 150000 703518770 702993778 4965019
QI10 OrdD 200000 1250525020 1249825028 8839437
QI10 OrdD 250000 1953781270 1952906278 13813244
QI10 OrdD 300000 2813287520 2812237528 19883053
QI10 OrdD 350000 3829043770 3827818778 27068746
QI10 OrdD 400000 5001050020 4999650028 35359229
QI10 OrdD 450000 6329306270 6327731278 44806677
QI10 OrdD 500000 7813812520 7812062528 55301496
QNR Ale 50000 1057352 208351 9008
QNR Ale 100000 2279586 439085 19060
QNR Ale 150000 3539465 678448 29385
QNR Ale 200000 4822923 924738 40389
QNR Ale 250000 6067220 1174773 50822
QNR Ale 300000 7498916 1425953 61498
QNR Ale 350000 8745317 1684281 72333
QNR Ale 400000 10229921 1941584 84456
QNR Ale 450000 11464072 2205030 94741
QNR Ale 500000 12927268 2465525 106330
QNR OrdC 50000 750015 32767 3120
QNR OrdC 100000 1600016 65535 6561
QNR OrdC 150000 2456803 84464 12615
QNR OrdC 200000 3400017 131071 13646
QNR OrdC 250000 4250017 131071 16352
QNR OrdC 300000 5213588 168928 20348
QNR OrdC 350000 6213588 218928 24975
QNR OrdC 400000 7200018 262143 28800
QNR OrdC 450000 8100018 262143 31332
QNR OrdC 500000 9000018 262143 34232
QNR OrdD 50000 750028 57766 3314
QNR OrdD 100000 1600030 115534 6975
QNR OrdD 150000 2456820 159464 9852
QNR OrdD 200000 3400032 231070 13702
QNR OrdD 250000 4250032 256070 16409
QNR OrdD 300000 5213606 318928 20390
QNR OrdD 350000 6213606 393928 24790
QNR OrdD 400000 7200034 462142 28883
QNR OrdD 450000 8100034 487142 31391
QNR OrdD 500000 9000034 512142 34463
